# JRE version: Java(TM) SE Runtime Environment (8.0_25-b18) (build 1.8.0_25-b18)
# Java VM: Java HotSpot(TM) 64-Bit Server VM (25.25-b02 mixed mode windows-amd64 compressed oops)
Heap:
 PSYoungGen      total 117248K, used 69696K [0x00000000d5f00000, 0x00000000ddd00000, 0x0000000100000000)
  eden space 105984K, 56% used [0x00000000d5f00000,0x00000000d98fc168,0x00000000dc680000)
  from space 11264K, 91% used [0x00000000dc680000,0x00000000dd094120,0x00000000dd180000)
  to   space 10752K, 0% used [0x00000000dd180000,0x00000000dd180000,0x00000000ddc00000)
 ParOldGen       total 87552K, used 62678K [0x0000000081c00000, 0x0000000087180000, 0x00000000d5f00000)
  object space 87552K, 71% used [0x0000000081c00000,0x0000000085935ba0,0x0000000087180000)
 Metaspace       used 11237K, capacity 11468K, committed 11648K, reserved 1058816K
  class space    used 1346K, capacity 1408K, committed 1408K, reserved 1048576K
GC Heap History (10 events):
Event: 6.412 GC heap before
{Heap before GC invocations=25 (full 0):
 PSYoungGen      total 116736K, used 116620K [0x00000000d5f00000, 0x00000000ddd00000, 0x0000000100000000)
  eden space 105984K, 100% used [0x00000000d5f00000,0x00000000dc680000,0x00000000dc680000)
  from space 10752K, 98% used [0x00000000dd180000,0x00000000ddbe3000,0x00000000ddc00000)
  to   space 11264K, 0% used [0x00000000dc680000,0x00000000dc680000,0x00000000dd180000)
 ParOldGen       total 87552K, used 12217K [0x0000000081c00000, 0x0000000087180000, 0x00000000d5f00000)
  object space 87552K, 13% used [0x0000000081c00000,0x00000000827ee7d0,0x0000000087180000)
 Metaspace       used 11212K, capacity 11468K, committed 11648K, reserved 1058816K
  class space    used 1343K, capacity 1408K, committed 1408K, reserved 1048576K
Event: 6.426 GC heap after
Heap after GC invocations=25 (full 0):
 PSYoungGen      total 117248K, used 10080K [0x00000000d5f00000, 0x00000000ddd00000, 0x0000000100000000)
  eden space 105984K, 0% used [0x00000000d5f00000,0x00000000d5f00000,0x00000000dc680000)
  from space 11264K, 89% used [0x00000000dc680000,0x00000000dd058010,0x00000000dd180000)
  to   space 10752K, 0% used [0x00000000dd180000,0x00000000dd180000,0x00000000ddc00000)
 ParOldGen       total 87552K, used 21830K [0x0000000081c00000, 0x0000000087180000, 0x00000000d5f00000)
  object space 87552K, 24% used [0x0000000081c00000,0x0000000083151bf0,0x0000000087180000)
 Metaspace       used 11212K, capacity 11468K, committed 11648K, reserved 1058816K
  class space    used 1343K, capacity 1408K, committed 1408K, reserved 1048576K
}
Event: 6.702 GC heap before
{Heap before GC invocations=26 (full 0):
 PSYoungGen      total 117248K, used 116064K [0x00000000d5f00000, 0x00000000ddd00000, 0x0000000100000000)
  eden space 105984K, 100% used [0x00000000d5f00000,0x00000000dc680000,0x00000000dc680000)
  from space 11264K, 89% used [0x00000000dc680000,0x00000000dd058010,0x00000000dd180000)
  to   space 10752K, 0% used [0x00000000dd180000,0x00000000dd180000,0x00000000ddc00000)
 ParOldGen       total 87552K, used 21830K [0x0000000081c00000, 0x0000000087180000, 0x00000000d5f00000)
  object space 87552K, 24% used [0x0000000081c00000,0x0000000083151bf0,0x0000000087180000)
 Metaspace       used 11222K, capacity 11468K, committed 11648K, reserved 1058816K
  class space    used 1345K, capacity 1408K, committed 1408K, reserved 1048576K
Event: 6.718 GC heap after
Heap after GC invocations=26 (full 0):
 PSYoungGen      total 116736K, used 10176K [0x00000000d5f00000, 0x00000000ddd00000, 0x0000000100000000)
  eden space 105984K, 0% used [0x00000000d5f00000,0x00000000d5f00000,0x00000000dc680000)
  from space 10752K, 94% used [0x00000000dd180000,0x00000000ddb70010,0x00000000ddc00000)
  to   space 11264K, 0% used [0x00000000dc680000,0x00000000dc680000,0x00000000dd180000)
 ParOldGen       total 87552K, used 31871K [0x0000000081c00000, 0x0000000087180000, 0x00000000d5f00000)
  object space 87552K, 36% used [0x0000000081c00000,0x0000000083b1fd98,0x0000000087180000)
 Metaspace       used 11222K, capacity 11468K, committed 11648K, reserved 1058816K
  class space    used 1345K, capacity 1408K, committed 1408K, reserved 1048576K
}
Event: 6.932 GC heap before
{Heap before GC invocations=27 (full 0):
 PSYoungGen      total 116736K, used 116160K [0x00000000d5f00000, 0x00000000ddd00000, 0x0000000100000000)
  eden space 105984K, 100% used [0x00000000d5f00000,0x00000000dc680000,0x00000000dc680000)
  from space 10752K, 94% used [0x00000000dd180000,0x00000000ddb70010,0x00000000ddc00000)
  to   space 11264K, 0% used [0x00000000dc680000,0x00000000dc680000,0x00000000dd180000)
 ParOldGen       total 87552K, used 31871K [0x0000000081c00000, 0x0000000087180000, 0x00000000d5f00000)
  object space 87552K, 36% used [0x0000000081c00000,0x0000000083b1fd98,0x0000000087180000)
 Metaspace       used 11237K, capacity 11468K, committed 11648K, reserved 1058816K
  class space    used 1346K, capacity 1408K, committed 1408K, reserved 1048576K
Event: 6.952 GC heap after
Heap after GC invocations=27 (full 0):
 PSYoungGen      total 117248K, used 10244K [0x00000000d5f00000, 0x00000000ddd00000, 0x0000000100000000)
  eden space 105984K, 0% used [0x00000000d5f00000,0x00000000d5f00000,0x00000000dc680000)
  from space 11264K, 90% used [0x00000000dc680000,0x00000000dd081278,0x00000000dd180000)
  to   space 10752K, 0% used [0x00000000dd180000,0x00000000dd180000,0x00000000ddc00000)
 ParOldGen       total 87552K, used 41975K [0x0000000081c00000, 0x0000000087180000, 0x00000000d5f00000)
  object space 87552K, 47% used [0x0000000081c00000,0x00000000844fdda8,0x0000000087180000)
 Metaspace       used 11237K, capacity 11468K, committed 11648K, reserved 1058816K
  class space    used 1346K, capacity 1408K, committed 1408K, reserved 1048576K
}
Event: 7.135 GC heap before
{Heap before GC invocations=28 (full 0):
 PSYoungGen      total 117248K, used 116228K [0x00000000d5f00000, 0x00000000ddd00000, 0x0000000100000000)
  eden space 105984K, 100% used [0x00000000d5f00000,0x00000000dc680000,0x00000000dc680000)
  from space 11264K, 90% used [0x00000000dc680000,0x00000000dd081278,0x00000000dd180000)
  to   space 10752K, 0% used [0x00000000dd180000,0x00000000dd180000,0x00000000ddc00000)
 ParOldGen       total 87552K, used 41975K [0x0000000081c00000, 0x0000000087180000, 0x00000000d5f00000)
  object space 87552K, 47% used [0x0000000081c00000,0x00000000844fdda8,0x0000000087180000)
 Metaspace       used 11237K, capacity 11468K, committed 11648K, reserved 1058816K
  class space    used 1346K, capacity 1408K, committed 1408K, reserved 1048576K
Event: 7.152 GC heap after
Heap after GC invocations=28 (full 0):
 PSYoungGen      total 116736K, used 10454K [0x00000000d5f00000, 0x00000000ddd00000, 0x0000000100000000)
  eden space 105984K, 0% used [0x00000000d5f00000,0x00000000d5f00000,0x00000000dc680000)
  from space 10752K, 97% used [0x00000000dd180000,0x00000000ddbb5ba8,0x00000000ddc00000)
  to   space 11264K, 0% used [0x00000000dc680000,0x00000000dc680000,0x00000000dd180000)
 ParOldGen       total 87552K, used 52191K [0x0000000081c00000, 0x0000000087180000, 0x00000000d5f00000)
  object space 87552K, 59% used [0x0000000081c00000,0x0000000084ef7ff8,0x0000000087180000)
 Metaspace       used 11237K, capacity 11468K, committed 11648K, reserved 1058816K
  class space    used 1346K, capacity 1408K, committed 1408K, reserved 1048576K
}
Event: 7.325 GC heap before
{Heap before GC invocations=29 (full 0):
 PSYoungGen      total 116736K, used 116438K [0x00000000d5f00000, 0x00000000ddd00000, 0x0000000100000000)
  eden space 105984K, 100% used [0x00000000d5f00000,0x00000000dc680000,0x00000000dc680000)
  from space 10752K, 97% used [0x00000000dd180000,0x00000000ddbb5ba8,0x00000000ddc00000)
  to   space 11264K, 0% used [0x00000000dc680000,0x00000000dc680000,0x00000000dd180000)
 ParOldGen       total 87552K, used 52191K [0x0000000081c00000, 0x0000000087180000, 0x00000000d5f00000)
  object space 87552K, 59% used [0x0000000081c00000,0x0000000084ef7ff8,0x0000000087180000)
 Metaspace       used 11237K, capacity 11468K, committed 11648K, reserved 1058816K
  class space    used 1346K, capacity 1408K, committed 1408K, reserved 1048576K
Event: 7.344 GC heap after
Heap after GC invocations=29 (full 0):
 PSYoungGen      total 117248K, used 10320K [0x00000000d5f00000, 0x00000000ddd00000, 0x0000000100000000)
  eden space 105984K, 0% used [0x00000000d5f00000,0x00000000d5f00000,0x00000000dc680000)
  from space 11264K, 91% used [0x00000000dc680000,0x00000000dd094120,0x00000000dd180000)
  to   space 10752K, 0% used [0x00000000dd180000,0x00000000dd180000,0x00000000ddc00000)
 ParOldGen       total 87552K, used 62678K [0x0000000081c00000, 0x0000000087180000, 0x00000000d5f00000)
  object space 87552K, 71% used [0x0000000081c00000,0x0000000085935ba0,0x0000000087180000)
 Metaspace       used 11237K, capacity 11468K, committed 11648K, reserved 1058816K
  class space    used 1346K, capacity 1408K, committed 1408K, reserved 1048576K
}

